0 verbose cli /opt/hostedtoolcache/node/22.12.0/x64/bin/node /opt/hostedtoolcache/node/22.12.0/x64/bin/npm
1 info using npm@10.9.0
2 info using node@v22.12.0
3 silly config load:file:/opt/hostedtoolcache/node/22.12.0/x64/lib/node_modules/npm/npmrc
4 silly config load:file:/home/runner/work/npm-cache-branch/npm-cache-branch/.npmrc
5 silly config load:file:/home/runner/.npmrc
6 silly config load:file:/opt/hostedtoolcache/node/22.12.0/x64/etc/npmrc
7 verbose title npm install
8 verbose argv "install" "--cache" ".npm/cache" "--no-audit" "--no-fund"
9 verbose logfile logs-max:10 dir:/home/runner/work/npm-cache-branch/npm-cache-branch/.npm/cache/_logs/2024-12-18T19_33_25_873Z-
10 verbose logfile /home/runner/work/npm-cache-branch/npm-cache-branch/.npm/cache/_logs/2024-12-18T19_33_25_873Z-debug-0.log
11 silly logfile done cleaning log files
12 silly packumentCache heap:4345298944 maxSize:1086324736 maxEntrySize:543162368
13 silly idealTree buildDeps
14 silly reify moves {}
15 silly tarball no local data for tinyglobby@https://registry.npmjs.org/tinyglobby/-/tinyglobby-0.2.10.tgz. Extracting by manifest.
16 silly tarball no local data for sort-package-json@https://registry.npmjs.org/sort-package-json/-/sort-package-json-2.12.0.tgz. Extracting by manifest.
17 silly tarball no local data for semver@https://registry.npmjs.org/semver/-/semver-7.6.3.tgz. Extracting by manifest.
18 silly tarball no local data for picomatch@https://registry.npmjs.org/picomatch/-/picomatch-4.0.2.tgz. Extracting by manifest.
19 silly tarball no local data for luxon@https://registry.npmjs.org/luxon/-/luxon-3.5.0.tgz. Extracting by manifest.
20 silly tarball no local data for lodash@https://registry.npmjs.org/lodash/-/lodash-4.17.21.tgz. Extracting by manifest.
21 silly tarball no local data for is-plain-obj@https://registry.npmjs.org/is-plain-obj/-/is-plain-obj-4.1.0.tgz. Extracting by manifest.
22 silly tarball no local data for git-hooks-list@https://registry.npmjs.org/git-hooks-list/-/git-hooks-list-3.1.0.tgz. Extracting by manifest.
23 silly tarball no local data for get-stdin@https://registry.npmjs.org/get-stdin/-/get-stdin-9.0.0.tgz. Extracting by manifest.
24 silly tarball no local data for detect-newline@https://registry.npmjs.org/detect-newline/-/detect-newline-4.0.1.tgz. Extracting by manifest.
25 silly tarball no local data for fdir@https://registry.npmjs.org/fdir/-/fdir-6.4.2.tgz. Extracting by manifest.
26 silly tarball no local data for detect-indent@https://registry.npmjs.org/detect-indent/-/detect-indent-7.0.1.tgz. Extracting by manifest.
27 silly tarball no local data for sort-object-keys@https://registry.npmjs.org/sort-object-keys/-/sort-object-keys-1.1.3.tgz. Extracting by manifest.
28 http fetch GET 200 https://registry.npmjs.org/get-stdin/-/get-stdin-9.0.0.tgz 181ms (cache miss)
29 http fetch GET 200 https://registry.npmjs.org/detect-newline/-/detect-newline-4.0.1.tgz 180ms (cache miss)
30 http fetch GET 200 https://registry.npmjs.org/is-plain-obj/-/is-plain-obj-4.1.0.tgz 189ms (cache miss)
31 http fetch GET 200 https://registry.npmjs.org/detect-indent/-/detect-indent-7.0.1.tgz 188ms (cache miss)
32 http fetch GET 200 https://registry.npmjs.org/git-hooks-list/-/git-hooks-list-3.1.0.tgz 190ms (cache miss)
33 http fetch GET 200 https://registry.npmjs.org/tinyglobby/-/tinyglobby-0.2.10.tgz 198ms (cache miss)
34 http fetch GET 200 https://registry.npmjs.org/sort-object-keys/-/sort-object-keys-1.1.3.tgz 192ms (cache miss)
35 http fetch GET 200 https://registry.npmjs.org/picomatch/-/picomatch-4.0.2.tgz 220ms (cache miss)
36 http fetch GET 200 https://registry.npmjs.org/sort-package-json/-/sort-package-json-2.12.0.tgz 224ms (cache miss)
37 http fetch GET 200 https://registry.npmjs.org/fdir/-/fdir-6.4.2.tgz 223ms (cache miss)
38 http fetch GET 200 https://registry.npmjs.org/semver/-/semver-7.6.3.tgz 247ms (cache miss)
39 http fetch GET 200 https://registry.npmjs.org/luxon/-/luxon-3.5.0.tgz 350ms (cache miss)
40 http fetch GET 200 https://registry.npmjs.org/lodash/-/lodash-4.17.21.tgz 476ms (cache miss)
41 silly ADD node_modules/tinyglobby
42 silly ADD node_modules/sort-package-json
43 silly ADD node_modules/sort-object-keys
44 silly ADD node_modules/semver
45 silly ADD node_modules/picomatch
46 silly ADD node_modules/luxon
47 silly ADD node_modules/lodash
48 silly ADD node_modules/is-plain-obj
49 silly ADD node_modules/git-hooks-list
50 silly ADD node_modules/get-stdin
51 silly ADD node_modules/fdir
52 silly ADD node_modules/detect-newline
53 silly ADD node_modules/detect-indent
54 verbose cwd /home/runner/work/npm-cache-branch/npm-cache-branch
55 verbose os Linux 6.8.0-1017-azure
56 verbose node v22.12.0
57 verbose npm  v10.9.0
58 verbose exit 0
59 info ok
