0 verbose cli /Users/reggi/.nvm/versions/node/v22.9.0/bin/node /Users/reggi/.nvm/versions/node/v22.9.0/bin/npm
1 info using npm@11.0.0
2 info using node@v22.9.0
3 silly config load:file:/Users/reggi/.nvm/versions/node/v22.9.0/lib/node_modules/npm/npmrc
4 silly config load:file:/Users/reggi/Desktop/cache/.npmrc
5 silly config load:file:/Users/reggi/.npmrc
6 silly config load:file:/Users/reggi/.nvm/versions/node/v22.9.0/etc/npmrc
7 verbose title npm i
8 verbose argv "i" "--no-audit" "--cache" "./module_cache/cache" "--force" "--loglevel" "silly"
9 verbose logfile logs-max:10 dir:/Users/reggi/Desktop/cache/module_cache/cache/_logs/2024-12-18T15_24_30_100Z-
10 verbose logfile /Users/reggi/Desktop/cache/module_cache/cache/_logs/2024-12-18T15_24_30_100Z-debug-0.log
11 warn using --force Recommended protections disabled.
12 silly logfile done cleaning log files
13 silly packumentCache heap:4345298944 maxSize:1086324736 maxEntrySize:543162368
14 silly idealTree buildDeps
15 silly fetch manifest lodash@^4.17.21
16 silly packumentCache full:http://localhost:4873/lodash cache-miss
17 http fetch GET 200 http://localhost:4873/lodash 259ms (cache miss)
18 silly packumentCache full:http://localhost:4873/lodash set size:undefined disposed:false
19 silly fetch manifest semver@^7.6.3
20 silly packumentCache full:http://localhost:4873/semver cache-miss
21 http fetch GET 200 http://localhost:4873/semver 95ms (cache miss)
22 silly packumentCache full:http://localhost:4873/semver set size:undefined disposed:false
23 silly placeDep ROOT lodash@4.17.21 OK for: untitled-folder@1.0.0 want: ^4.17.21
24 silly placeDep ROOT semver@7.6.3 OK for: untitled-folder@1.0.0 want: ^7.6.3
25 silly reify moves {}
26 http cache semver@http://localhost:4873/semver/-/semver-7.6.3.tgz 0ms (cache hit)
27 http cache lodash@http://localhost:4873/lodash/-/lodash-4.17.21.tgz 0ms (cache hit)
28 silly tarball no local data for semver@http://localhost:4873/semver/-/semver-7.6.3.tgz. Extracting by manifest.
29 silly tarball no local data for lodash@http://localhost:4873/lodash/-/lodash-4.17.21.tgz. Extracting by manifest.
30 http fetch GET 200 http://localhost:4873/semver/-/semver-7.6.3.tgz 156ms (cache miss)
31 http fetch GET 200 http://localhost:4873/lodash/-/lodash-4.17.21.tgz 302ms (cache miss)
32 silly ADD node_modules/semver
33 silly ADD node_modules/lodash
34 verbose cwd /Users/reggi/Desktop/cache
35 verbose os Darwin 24.1.0
36 verbose node v22.9.0
37 verbose npm  v11.0.0
38 verbose exit 0
39 info ok
