0 verbose cli /Users/reggi/.nvm/versions/node/v22.9.0/bin/node /Users/reggi/.nvm/versions/node/v22.9.0/bin/npm
1 info using npm@11.0.0
2 info using node@v22.9.0
3 silly config load:file:/Users/reggi/.nvm/versions/node/v22.9.0/lib/node_modules/npm/npmrc
4 silly config load:file:/Users/reggi/Desktop/cache/.npmrc
5 silly config load:file:/Users/reggi/.npmrc
6 silly config load:file:/Users/reggi/.nvm/versions/node/v22.9.0/etc/npmrc
7 verbose title npm i
8 verbose argv "i" "--no-audit" "--cache" "./module_cache/cache" "--force" "--loglevel" "silly"
9 verbose logfile logs-max:10 dir:/Users/reggi/Desktop/cache/module_cache/cache/_logs/2024-12-18T15_24_58_153Z-
10 verbose logfile /Users/reggi/Desktop/cache/module_cache/cache/_logs/2024-12-18T15_24_58_153Z-debug-0.log
11 warn using --force Recommended protections disabled.
12 silly logfile done cleaning log files
13 silly packumentCache heap:4345298944 maxSize:1086324736 maxEntrySize:543162368
14 silly idealTree buildDeps
15 silly reify moves {}
16 http cache semver@http://localhost:4873/semver/-/semver-7.6.3.tgz 0ms (cache hit)
17 http cache lodash@http://localhost:4873/lodash/-/lodash-4.17.21.tgz 0ms (cache hit)
18 silly ADD node_modules/semver
19 silly ADD node_modules/lodash
20 verbose cwd /Users/reggi/Desktop/cache
21 verbose os Darwin 24.1.0
22 verbose node v22.9.0
23 verbose npm  v11.0.0
24 verbose exit 0
25 info ok
